writeCommonTags: couldn't write 'year' tag to 'YT-DL/Coaltar of the Deepers - Dear Future.m4a' as it's not a positive integer
writeCommonTags: couldn't write 'track' tag to 'YT-DL/Coaltar of the Deepers - Dear Future.m4a' as it's not a positive integer
writeCommonTags: couldn't write 'year' tag to 'YT-DL/Echoes.m4a' as it's not a positive integer
writeCommonTags: couldn't write 'track' tag to 'YT-DL/Echoes.m4a' as it's not a positive integer
writeCommonTags: couldn't write 'year' tag to 'YT-DL/Mass Of Fermenting Dregs  -- ワールドイズユアーズ.m4a' as it's not a positive integer
writeCommonTags: couldn't write 'track' tag to 'YT-DL/Mass Of Fermenting Dregs  -- ワールドイズユアーズ.m4a' as it's not a positive integer
writeCommonTags: couldn't write 'year' tag to 'YT-DL/The Chain (Remastered Version).m4a' as it's not a positive integer
writeCommonTags: couldn't write 'track' tag to 'YT-DL/The Chain (Remastered Version).m4a' as it's not a positive integer
writeCommonTags: couldn't write 'year' tag to 'Aphex Twin -- Selected Ambient Works 85-92/1 Xtal.wav' as it's not a positive integer
writeCommonTags: couldn't write 'year' tag to 'Aphex Twin -- Selected Ambient Works 85-92/10 Ptolemy.wav' as it's not a positive integer
writeCommonTags: couldn't write 'year' tag to 'Aphex Twin -- Selected Ambient Works 85-92/11 Hedphelym.wav' as it's not a positive integer
writeCommonTags: couldn't write 'year' tag to 'Aphex Twin -- Selected Ambient Works 85-92/12 Delphium.wav' as it's not a positive integer
writeCommonTags: couldn't write 'year' tag to 'Aphex Twin -- Selected Ambient Works 85-92/13 Actium.wav' as it's not a positive integer
writeCommonTags: couldn't write 'year' tag to 'Aphex Twin -- Selected Ambient Works 85-92/2 Tha.wav' as it's not a positive integer
writeCommonTags: couldn't write 'year' tag to 'Aphex Twin -- Selected Ambient Works 85-92/3 Pulsewidth.wav' as it's not a positive integer
writeCommonTags: couldn't write 'year' tag to 'Aphex Twin -- Selected Ambient Works 85-92/4 Ageispolis.wav' as it's not a positive integer
writeCommonTags: couldn't write 'year' tag to 'Aphex Twin -- Selected Ambient Works 85-92/5 I.wav' as it's not a positive integer
writeCommonTags: couldn't write 'year' tag to 'Aphex Twin -- Selected Ambient Works 85-92/6 Green Calx.wav' as it's not a positive integer
writeCommonTags: couldn't write 'year' tag to 'Aphex Twin -- Selected Ambient Works 85-92/7 Heliosphan.wav' as it's not a positive integer
writeCommonTags: couldn't write 'year' tag to 'Aphex Twin -- Selected Ambient Works 85-92/8 We Are the Music Makers.wav' as it's not a positive integer
writeCommonTags: couldn't write 'year' tag to 'Aphex Twin -- Selected Ambient Works 85-92/9 Schottkey 7th Path.wav' as it's not a positive integer
writeCommonTags: couldn't write 'year' tag to 'Aphex Twin -- Selected Ambient Works 85-92/1 Xtal.wav' as it's not a positive integer
writeCommonTags: couldn't write 'year' tag to 'Aphex Twin -- Selected Ambient Works 85-92/10 Ptolemy.wav' as it's not a positive integer
writeCommonTags: couldn't write 'year' tag to 'Aphex Twin -- Selected Ambient Works 85-92/11 Hedphelym.wav' as it's not a positive integer
writeCommonTags: couldn't write 'year' tag to 'Aphex Twin -- Selected Ambient Works 85-92/12 Delphium.wav' as it's not a positive integer
writeCommonTags: couldn't write 'year' tag to 'Aphex Twin -- Selected Ambient Works 85-92/13 Actium.wav' as it's not a positive integer
writeCommonTags: couldn't write 'year' tag to 'Aphex Twin -- Selected Ambient Works 85-92/2 Tha.wav' as it's not a positive integer
writeCommonTags: couldn't write 'year' tag to 'Aphex Twin -- Selected Ambient Works 85-92/3 Pulsewidth.wav' as it's not a positive integer
writeCommonTags: couldn't write 'year' tag to 'Aphex Twin -- Selected Ambient Works 85-92/4 Ageispolis.wav' as it's not a positive integer
writeCommonTags: couldn't write 'year' tag to 'Aphex Twin -- Selected Ambient Works 85-92/5 I.wav' as it's not a positive integer
writeCommonTags: couldn't write 'year' tag to 'Aphex Twin -- Selected Ambient Works 85-92/6 Green Calx.wav' as it's not a positive integer
writeCommonTags: couldn't write 'year' tag to 'Aphex Twin -- Selected Ambient Works 85-92/7 Heliosphan.wav' as it's not a positive integer
writeCommonTags: couldn't write 'year' tag to 'Aphex Twin -- Selected Ambient Works 85-92/8 We Are the Music Makers.wav' as it's not a positive integer
writeCommonTags: couldn't write 'year' tag to 'Aphex Twin -- Selected Ambient Works 85-92/9 Schottkey 7th Path.wav' as it's not a positive integer
